# JRE version: Java(TM) SE Runtime Environment (8.0_66-b18) (build 1.8.0_66-b18)
# Java VM: Java HotSpot(TM) 64-Bit Server VM (25.66-b18 mixed mode windows-amd64 compressed oops)
Heap:
 PSYoungGen      total 125440K, used 59006K [0x00000000f5580000, 0x00000000fd200000, 0x0000000100000000)
  eden space 123392K, 47% used [0x00000000f5580000,0x00000000f8f1fab8,0x00000000fce00000)
  from space 2048K, 0% used [0x00000000fd000000,0x00000000fd000000,0x00000000fd200000)
  to   space 2048K, 0% used [0x00000000fce00000,0x00000000fce00000,0x00000000fd000000)
 ParOldGen       total 103424K, used 53852K [0x00000000e0000000, 0x00000000e6500000, 0x00000000f5580000)
  object space 103424K, 52% used [0x00000000e0000000,0x00000000e3497198,0x00000000e6500000)
 Metaspace       used 94194K, capacity 101588K, committed 101784K, reserved 1136640K
  class space    used 11099K, capacity 13628K, committed 13744K, reserved 1048576K
GC Heap History (10 events):
Event: 3460.388 GC heap before
{Heap before GC invocations=127 (full 57):
 PSYoungGen      total 124928K, used 192K [0x00000000f5580000, 0x00000000fd200000, 0x0000000100000000)
  eden space 123392K, 0% used [0x00000000f5580000,0x00000000f5580000,0x00000000fce00000)
  from space 1536K, 12% used [0x00000000fd080000,0x00000000fd0b0000,0x00000000fd200000)
  to   space 2048K, 0% used [0x00000000fce00000,0x00000000fce00000,0x00000000fd000000)
 ParOldGen       total 103424K, used 53852K [0x00000000e0000000, 0x00000000e6500000, 0x00000000f5580000)
  object space 103424K, 52% used [0x00000000e0000000,0x00000000e3497198,0x00000000e6500000)
 Metaspace       used 93440K, capacity 100718K, committed 100888K, reserved 1136640K
  class space    used 11015K, capacity 13559K, committed 13616K, reserved 1048576K
Event: 3460.481 GC heap after
Heap after GC invocations=127 (full 57):
 PSYoungGen      total 124928K, used 0K [0x00000000f5580000, 0x00000000fd200000, 0x0000000100000000)
  eden space 123392K, 0% used [0x00000000f5580000,0x00000000f5580000,0x00000000fce00000)
  from space 1536K, 0% used [0x00000000fd080000,0x00000000fd080000,0x00000000fd200000)
  to   space 2048K, 0% used [0x00000000fce00000,0x00000000fce00000,0x00000000fd000000)
 ParOldGen       total 103424K, used 53852K [0x00000000e0000000, 0x00000000e6500000, 0x00000000f5580000)
  object space 103424K, 52% used [0x00000000e0000000,0x00000000e3497198,0x00000000e6500000)
 Metaspace       used 93440K, capacity 100718K, committed 100888K, reserved 1136640K
  class space    used 11015K, capacity 13559K, committed 13616K, reserved 1048576K
}
Event: 3520.398 GC heap before
{Heap before GC invocations=128 (full 57):
 PSYoungGen      total 124928K, used 3012K [0x00000000f5580000, 0x00000000fd200000, 0x0000000100000000)
  eden space 123392K, 2% used [0x00000000f5580000,0x00000000f5871318,0x00000000fce00000)
  from space 1536K, 0% used [0x00000000fd080000,0x00000000fd080000,0x00000000fd200000)
  to   space 2048K, 0% used [0x00000000fce00000,0x00000000fce00000,0x00000000fd000000)
 ParOldGen       total 103424K, used 53852K [0x00000000e0000000, 0x00000000e6500000, 0x00000000f5580000)
  object space 103424K, 52% used [0x00000000e0000000,0x00000000e3497198,0x00000000e6500000)
 Metaspace       used 93440K, capacity 100718K, committed 100888K, reserved 1136640K
  class space    used 11015K, capacity 13559K, committed 13616K, reserved 1048576K
Event: 3520.401 GC heap after
Heap after GC invocations=128 (full 57):
 PSYoungGen      total 125440K, used 224K [0x00000000f5580000, 0x00000000fd200000, 0x0000000100000000)
  eden space 123392K, 0% used [0x00000000f5580000,0x00000000f5580000,0x00000000fce00000)
  from space 2048K, 10% used [0x00000000fce00000,0x00000000fce38000,0x00000000fd000000)
  to   space 2048K, 0% used [0x00000000fd000000,0x00000000fd000000,0x00000000fd200000)
 ParOldGen       total 103424K, used 53852K [0x00000000e0000000, 0x00000000e6500000, 0x00000000f5580000)
  object space 103424K, 52% used [0x00000000e0000000,0x00000000e3497198,0x00000000e6500000)
 Metaspace       used 93440K, capacity 100718K, committed 100888K, reserved 1136640K
  class space    used 11015K, capacity 13559K, committed 13616K, reserved 1048576K
}
Event: 3520.401 GC heap before
{Heap before GC invocations=129 (full 58):
 PSYoungGen      total 125440K, used 224K [0x00000000f5580000, 0x00000000fd200000, 0x0000000100000000)
  eden space 123392K, 0% used [0x00000000f5580000,0x00000000f5580000,0x00000000fce00000)
  from space 2048K, 10% used [0x00000000fce00000,0x00000000fce38000,0x00000000fd000000)
  to   space 2048K, 0% used [0x00000000fd000000,0x00000000fd000000,0x00000000fd200000)
 ParOldGen       total 103424K, used 53852K [0x00000000e0000000, 0x00000000e6500000, 0x00000000f5580000)
  object space 103424K, 52% used [0x00000000e0000000,0x00000000e3497198,0x00000000e6500000)
 Metaspace       used 93440K, capacity 100718K, committed 100888K, reserved 1136640K
  class space    used 11015K, capacity 13559K, committed 13616K, reserved 1048576K
Event: 3520.501 GC heap after
Heap after GC invocations=129 (full 58):
 PSYoungGen      total 125440K, used 0K [0x00000000f5580000, 0x00000000fd200000, 0x0000000100000000)
  eden space 123392K, 0% used [0x00000000f5580000,0x00000000f5580000,0x00000000fce00000)
  from space 2048K, 0% used [0x00000000fce00000,0x00000000fce00000,0x00000000fd000000)
  to   space 2048K, 0% used [0x00000000fd000000,0x00000000fd000000,0x00000000fd200000)
 ParOldGen       total 103424K, used 53852K [0x00000000e0000000, 0x00000000e6500000, 0x00000000f5580000)
  object space 103424K, 52% used [0x00000000e0000000,0x00000000e3497198,0x00000000e6500000)
 Metaspace       used 93440K, capacity 100718K, committed 100888K, reserved 1136640K
  class space    used 11015K, capacity 13559K, committed 13616K, reserved 1048576K
}
Event: 3580.411 GC heap before
{Heap before GC invocations=130 (full 58):
 PSYoungGen      total 125440K, used 3043K [0x00000000f5580000, 0x00000000fd200000, 0x0000000100000000)
  eden space 123392K, 2% used [0x00000000f5580000,0x00000000f5878ed8,0x00000000fce00000)
  from space 2048K, 0% used [0x00000000fce00000,0x00000000fce00000,0x00000000fd000000)
  to   space 2048K, 0% used [0x00000000fd000000,0x00000000fd000000,0x00000000fd200000)
 ParOldGen       total 103424K, used 53852K [0x00000000e0000000, 0x00000000e6500000, 0x00000000f5580000)
  object space 103424K, 52% used [0x00000000e0000000,0x00000000e3497198,0x00000000e6500000)
 Metaspace       used 93441K, capacity 100718K, committed 100888K, reserved 1136640K
  class space    used 11015K, capacity 13559K, committed 13616K, reserved 1048576K
Event: 3580.414 GC heap after
Heap after GC invocations=130 (full 58):
 PSYoungGen      total 125440K, used 224K [0x00000000f5580000, 0x00000000fd200000, 0x0000000100000000)
  eden space 123392K, 0% used [0x00000000f5580000,0x00000000f5580000,0x00000000fce00000)
  from space 2048K, 10% used [0x00000000fd000000,0x00000000fd038000,0x00000000fd200000)
  to   space 2048K, 0% used [0x00000000fce00000,0x00000000fce00000,0x00000000fd000000)
 ParOldGen       total 103424K, used 53852K [0x00000000e0000000, 0x00000000e6500000, 0x00000000f5580000)
  object space 103424K, 52% used [0x00000000e0000000,0x00000000e3497198,0x00000000e6500000)
 Metaspace       used 93441K, capacity 100718K, committed 100888K, reserved 1136640K
  class space    used 11015K, capacity 13559K, committed 13616K, reserved 1048576K
}
Event: 3580.414 GC heap before
{Heap before GC invocations=131 (full 59):
 PSYoungGen      total 125440K, used 224K [0x00000000f5580000, 0x00000000fd200000, 0x0000000100000000)
  eden space 123392K, 0% used [0x00000000f5580000,0x00000000f5580000,0x00000000fce00000)
  from space 2048K, 10% used [0x00000000fd000000,0x00000000fd038000,0x00000000fd200000)
  to   space 2048K, 0% used [0x00000000fce00000,0x00000000fce00000,0x00000000fd000000)
 ParOldGen       total 103424K, used 53852K [0x00000000e0000000, 0x00000000e6500000, 0x00000000f5580000)
  object space 103424K, 52% used [0x00000000e0000000,0x00000000e3497198,0x00000000e6500000)
 Metaspace       used 93441K, capacity 100718K, committed 100888K, reserved 1136640K
  class space    used 11015K, capacity 13559K, committed 13616K, reserved 1048576K
Event: 3580.507 GC heap after
Heap after GC invocations=131 (full 59):
 PSYoungGen      total 125440K, used 0K [0x00000000f5580000, 0x00000000fd200000, 0x0000000100000000)
  eden space 123392K, 0% used [0x00000000f5580000,0x00000000f5580000,0x00000000fce00000)
  from space 2048K, 0% used [0x00000000fd000000,0x00000000fd000000,0x00000000fd200000)
  to   space 2048K, 0% used [0x00000000fce00000,0x00000000fce00000,0x00000000fd000000)
 ParOldGen       total 103424K, used 53852K [0x00000000e0000000, 0x00000000e6500000, 0x00000000f5580000)
  object space 103424K, 52% used [0x00000000e0000000,0x00000000e3497198,0x00000000e6500000)
 Metaspace       used 93441K, capacity 100718K, committed 100888K, reserved 1136640K
  class space    used 11015K, capacity 13559K, committed 13616K, reserved 1048576K
}

