# JRE version: Java(TM) SE Runtime Environment (8.0_66-b18) (build 1.8.0_66-b18)
# Java VM: Java HotSpot(TM) 64-Bit Server VM (25.66-b18 mixed mode windows-amd64 compressed oops)
Heap:
 PSYoungGen      total 143872K, used 44153K [0x00000000f5580000, 0x0000000100000000, 0x0000000100000000)
  eden space 113152K, 39% used [0x00000000f5580000,0x00000000f809e618,0x00000000fc400000)
  from space 30720K, 0% used [0x00000000fe200000,0x00000000fe200000,0x0000000100000000)
  to   space 30720K, 0% used [0x00000000fc400000,0x00000000fc400000,0x00000000fe200000)
 ParOldGen       total 119808K, used 60725K [0x00000000e0000000, 0x00000000e7500000, 0x00000000f5580000)
  object space 119808K, 50% used [0x00000000e0000000,0x00000000e3b4d5e8,0x00000000e7500000)
 Metaspace       used 82778K, capacity 89814K, committed 89944K, reserved 1126400K
  class space    used 9977K, capacity 12367K, committed 12416K, reserved 1048576K
GC Heap History (10 events):
Event: 32.154 GC heap before
{Heap before GC invocations=20 (full 4):
 PSYoungGen      total 152576K, used 130560K [0x00000000f5580000, 0x0000000100000000, 0x0000000100000000)
  eden space 130560K, 100% used [0x00000000f5580000,0x00000000fd500000,0x00000000fd500000)
  from space 22016K, 0% used [0x00000000fd500000,0x00000000fd500000,0x00000000fea80000)
  to   space 22016K, 0% used [0x00000000fea80000,0x00000000fea80000,0x0000000100000000)
 ParOldGen       total 119808K, used 62392K [0x00000000e0000000, 0x00000000e7500000, 0x00000000f5580000)
  object space 119808K, 52% used [0x00000000e0000000,0x00000000e3cee238,0x00000000e7500000)
 Metaspace       used 76326K, capacity 82692K, committed 82776K, reserved 1120256K
  class space    used 9238K, capacity 11324K, committed 11392K, reserved 1048576K
Event: 32.173 GC heap after
Heap after GC invocations=20 (full 4):
 PSYoungGen      total 134144K, used 22013K [0x00000000f5580000, 0x0000000100000000, 0x0000000100000000)
  eden space 112128K, 0% used [0x00000000f5580000,0x00000000f5580000,0x00000000fc300000)
  from space 22016K, 99% used [0x00000000fea80000,0x00000000fffff5a0,0x0000000100000000)
  to   space 31232K, 0% used [0x00000000fc300000,0x00000000fc300000,0x00000000fe180000)
 ParOldGen       total 119808K, used 65221K [0x00000000e0000000, 0x00000000e7500000, 0x00000000f5580000)
  object space 119808K, 54% used [0x00000000e0000000,0x00000000e3fb1698,0x00000000e7500000)
 Metaspace       used 76326K, capacity 82692K, committed 82776K, reserved 1120256K
  class space    used 9238K, capacity 11324K, committed 11392K, reserved 1048576K
}
Event: 74.866 GC heap before
{Heap before GC invocations=21 (full 4):
 PSYoungGen      total 134144K, used 84678K [0x00000000f5580000, 0x0000000100000000, 0x0000000100000000)
  eden space 112128K, 55% used [0x00000000f5580000,0x00000000f92b2628,0x00000000fc300000)
  from space 22016K, 99% used [0x00000000fea80000,0x00000000fffff5a0,0x0000000100000000)
  to   space 31232K, 0% used [0x00000000fc300000,0x00000000fc300000,0x00000000fe180000)
 ParOldGen       total 119808K, used 65221K [0x00000000e0000000, 0x00000000e7500000, 0x00000000f5580000)
  object space 119808K, 54% used [0x00000000e0000000,0x00000000e3fb1698,0x00000000e7500000)
 Metaspace       used 79008K, capacity 85412K, committed 85720K, reserved 1124352K
  class space    used 9542K, capacity 11695K, committed 11776K, reserved 1048576K
Event: 74.883 GC heap after
Heap after GC invocations=21 (full 4):
 PSYoungGen      total 143360K, used 4239K [0x00000000f5580000, 0x0000000100000000, 0x0000000100000000)
  eden space 112128K, 0% used [0x00000000f5580000,0x00000000f5580000,0x00000000fc300000)
  from space 31232K, 13% used [0x00000000fc300000,0x00000000fc723c30,0x00000000fe180000)
  to   space 30720K, 0% used [0x00000000fe200000,0x00000000fe200000,0x0000000100000000)
 ParOldGen       total 119808K, used 79922K [0x00000000e0000000, 0x00000000e7500000, 0x00000000f5580000)
  object space 119808K, 66% used [0x00000000e0000000,0x00000000e4e0c9e8,0x00000000e7500000)
 Metaspace       used 79008K, capacity 85412K, committed 85720K, reserved 1124352K
  class space    used 9542K, capacity 11695K, committed 11776K, reserved 1048576K
}
Event: 74.883 GC heap before
{Heap before GC invocations=22 (full 5):
 PSYoungGen      total 143360K, used 4239K [0x00000000f5580000, 0x0000000100000000, 0x0000000100000000)
  eden space 112128K, 0% used [0x00000000f5580000,0x00000000f5580000,0x00000000fc300000)
  from space 31232K, 13% used [0x00000000fc300000,0x00000000fc723c30,0x00000000fe180000)
  to   space 30720K, 0% used [0x00000000fe200000,0x00000000fe200000,0x0000000100000000)
 ParOldGen       total 119808K, used 79922K [0x00000000e0000000, 0x00000000e7500000, 0x00000000f5580000)
  object space 119808K, 66% used [0x00000000e0000000,0x00000000e4e0c9e8,0x00000000e7500000)
 Metaspace       used 79008K, capacity 85412K, committed 85720K, reserved 1124352K
  class space    used 9542K, capacity 11695K, committed 11776K, reserved 1048576K
Event: 75.204 GC heap after
Heap after GC invocations=22 (full 5):
 PSYoungGen      total 143360K, used 0K [0x00000000f5580000, 0x0000000100000000, 0x0000000100000000)
  eden space 112128K, 0% used [0x00000000f5580000,0x00000000f5580000,0x00000000fc300000)
  from space 31232K, 0% used [0x00000000fc300000,0x00000000fc300000,0x00000000fe180000)
  to   space 30720K, 0% used [0x00000000fe200000,0x00000000fe200000,0x0000000100000000)
 ParOldGen       total 119808K, used 60466K [0x00000000e0000000, 0x00000000e7500000, 0x00000000f5580000)
  object space 119808K, 50% used [0x00000000e0000000,0x00000000e3b0cad8,0x00000000e7500000)
 Metaspace       used 79008K, capacity 85412K, committed 85720K, reserved 1124352K
  class space    used 9542K, capacity 11695K, committed 11776K, reserved 1048576K
}
Event: 134.865 GC heap before
{Heap before GC invocations=23 (full 5):
 PSYoungGen      total 143360K, used 24123K [0x00000000f5580000, 0x0000000100000000, 0x0000000100000000)
  eden space 112128K, 21% used [0x00000000f5580000,0x00000000f6d0ecb0,0x00000000fc300000)
  from space 31232K, 0% used [0x00000000fc300000,0x00000000fc300000,0x00000000fe180000)
  to   space 30720K, 0% used [0x00000000fe200000,0x00000000fe200000,0x0000000100000000)
 ParOldGen       total 119808K, used 60466K [0x00000000e0000000, 0x00000000e7500000, 0x00000000f5580000)
  object space 119808K, 50% used [0x00000000e0000000,0x00000000e3b0cad8,0x00000000e7500000)
 Metaspace       used 81006K, capacity 87632K, committed 87896K, reserved 1124352K
  class space    used 9790K, capacity 12045K, committed 12160K, reserved 1048576K
Event: 134.869 GC heap after
Heap after GC invocations=23 (full 5):
 PSYoungGen      total 143872K, used 2520K [0x00000000f5580000, 0x0000000100000000, 0x0000000100000000)
  eden space 113152K, 0% used [0x00000000f5580000,0x00000000f5580000,0x00000000fc400000)
  from space 30720K, 8% used [0x00000000fe200000,0x00000000fe476398,0x0000000100000000)
  to   space 30720K, 0% used [0x00000000fc400000,0x00000000fc400000,0x00000000fe200000)
 ParOldGen       total 119808K, used 60474K [0x00000000e0000000, 0x00000000e7500000, 0x00000000f5580000)
  object space 119808K, 50% used [0x00000000e0000000,0x00000000e3b0ead8,0x00000000e7500000)
 Metaspace       used 81006K, capacity 87632K, committed 87896K, reserved 1124352K
  class space    used 9790K, capacity 12045K, committed 12160K, reserved 1048576K
}
Event: 134.869 GC heap before
{Heap before GC invocations=24 (full 6):
 PSYoungGen      total 143872K, used 2520K [0x00000000f5580000, 0x0000000100000000, 0x0000000100000000)
  eden space 113152K, 0% used [0x00000000f5580000,0x00000000f5580000,0x00000000fc400000)
  from space 30720K, 8% used [0x00000000fe200000,0x00000000fe476398,0x0000000100000000)
  to   space 30720K, 0% used [0x00000000fc400000,0x00000000fc400000,0x00000000fe200000)
 ParOldGen       total 119808K, used 60474K [0x00000000e0000000, 0x00000000e7500000, 0x00000000f5580000)
  object space 119808K, 50% used [0x00000000e0000000,0x00000000e3b0ead8,0x00000000e7500000)
 Metaspace       used 81006K, capacity 87632K, committed 87896K, reserved 1124352K
  class space    used 9790K, capacity 12045K, committed 12160K, reserved 1048576K
Event: 135.241 GC heap after
Heap after GC invocations=24 (full 6):
 PSYoungGen      total 143872K, used 0K [0x00000000f5580000, 0x0000000100000000, 0x0000000100000000)
  eden space 113152K, 0% used [0x00000000f5580000,0x00000000f5580000,0x00000000fc400000)
  from space 30720K, 0% used [0x00000000fe200000,0x00000000fe200000,0x0000000100000000)
  to   space 30720K, 0% used [0x00000000fc400000,0x00000000fc400000,0x00000000fe200000)
 ParOldGen       total 119808K, used 60725K [0x00000000e0000000, 0x00000000e7500000, 0x00000000f5580000)
  object space 119808K, 50% used [0x00000000e0000000,0x00000000e3b4d5e8,0x00000000e7500000)
 Metaspace       used 81006K, capacity 87632K, committed 87896K, reserved 1124352K
  class space    used 9790K, capacity 12045K, committed 12160K, reserved 1048576K
}

