# JRE version: Java(TM) SE Runtime Environment (8.0_66-b18) (build 1.8.0_66-b18)
# Java VM: Java HotSpot(TM) 64-Bit Server VM (25.66-b18 mixed mode windows-amd64 compressed oops)
Heap:
 PSYoungGen      total 149504K, used 37771K [0x00000000f5580000, 0x00000000ffd80000, 0x0000000100000000)
  eden space 128000K, 29% used [0x00000000f5580000,0x00000000f7a62fa0,0x00000000fd280000)
  from space 21504K, 0% used [0x00000000fd280000,0x00000000fd280000,0x00000000fe780000)
  to   space 22016K, 0% used [0x00000000fe800000,0x00000000fe800000,0x00000000ffd80000)
 ParOldGen       total 87552K, used 64957K [0x00000000e0000000, 0x00000000e5580000, 0x00000000f5580000)
  object space 87552K, 74% used [0x00000000e0000000,0x00000000e3f6f580,0x00000000e5580000)
 Metaspace       used 88020K, capacity 95066K, committed 95384K, reserved 1132544K
  class space    used 10493K, capacity 12898K, committed 12976K, reserved 1048576K
GC Heap History (10 events):
Event: 292.809 GC heap before
{Heap before GC invocations=20 (full 5):
 PSYoungGen      total 148480K, used 136462K [0x00000000f5580000, 0x00000000ffe00000, 0x0000000100000000)
  eden space 125440K, 100% used [0x00000000f5580000,0x00000000fd000000,0x00000000fd000000)
  from space 23040K, 47% used [0x00000000fe780000,0x00000000ff243a70,0x00000000ffe00000)
  to   space 23552K, 0% used [0x00000000fd000000,0x00000000fd000000,0x00000000fe700000)
 ParOldGen       total 87552K, used 54843K [0x00000000e0000000, 0x00000000e5580000, 0x00000000f5580000)
  object space 87552K, 62% used [0x00000000e0000000,0x00000000e358ec88,0x00000000e5580000)
 Metaspace       used 85546K, capacity 92376K, committed 92568K, reserved 1128448K
  class space    used 10331K, capacity 12604K, committed 12720K, reserved 1048576K
Event: 292.820 GC heap after
Heap after GC invocations=20 (full 5):
 PSYoungGen      total 148992K, used 11575K [0x00000000f5580000, 0x00000000ffe80000, 0x0000000100000000)
  eden space 125440K, 0% used [0x00000000f5580000,0x00000000f5580000,0x00000000fd000000)
  from space 23552K, 49% used [0x00000000fd000000,0x00000000fdb4dd60,0x00000000fe700000)
  to   space 22528K, 0% used [0x00000000fe880000,0x00000000fe880000,0x00000000ffe80000)
 ParOldGen       total 87552K, used 54851K [0x00000000e0000000, 0x00000000e5580000, 0x00000000f5580000)
  object space 87552K, 62% used [0x00000000e0000000,0x00000000e3590c88,0x00000000e5580000)
 Metaspace       used 85546K, capacity 92376K, committed 92568K, reserved 1128448K
  class space    used 10331K, capacity 12604K, committed 12720K, reserved 1048576K
}
Event: 297.963 GC heap before
{Heap before GC invocations=21 (full 5):
 PSYoungGen      total 148992K, used 71468K [0x00000000f5580000, 0x00000000ffe80000, 0x0000000100000000)
  eden space 125440K, 47% used [0x00000000f5580000,0x00000000f8ffd2c0,0x00000000fd000000)
  from space 23552K, 49% used [0x00000000fd000000,0x00000000fdb4dd60,0x00000000fe700000)
  to   space 22528K, 0% used [0x00000000fe880000,0x00000000fe880000,0x00000000ffe80000)
 ParOldGen       total 87552K, used 54851K [0x00000000e0000000, 0x00000000e5580000, 0x00000000f5580000)
  object space 87552K, 62% used [0x00000000e0000000,0x00000000e3590c88,0x00000000e5580000)
 Metaspace       used 85922K, capacity 92888K, committed 93080K, reserved 1130496K
  class space    used 10341K, capacity 12604K, committed 12720K, reserved 1048576K
Event: 297.970 GC heap after
Heap after GC invocations=21 (full 5):
 PSYoungGen      total 148480K, used 10131K [0x00000000f5580000, 0x00000000ffc80000, 0x0000000100000000)
  eden space 128000K, 0% used [0x00000000f5580000,0x00000000f5580000,0x00000000fd280000)
  from space 20480K, 49% used [0x00000000fe880000,0x00000000ff264ea0,0x00000000ffc80000)
  to   space 21504K, 0% used [0x00000000fd280000,0x00000000fd280000,0x00000000fe780000)
 ParOldGen       total 87552K, used 54859K [0x00000000e0000000, 0x00000000e5580000, 0x00000000f5580000)
  object space 87552K, 62% used [0x00000000e0000000,0x00000000e3592c88,0x00000000e5580000)
 Metaspace       used 85922K, capacity 92888K, committed 93080K, reserved 1130496K
  class space    used 10341K, capacity 12604K, committed 12720K, reserved 1048576K
}
Event: 297.970 GC heap before
{Heap before GC invocations=22 (full 6):
 PSYoungGen      total 148480K, used 10131K [0x00000000f5580000, 0x00000000ffc80000, 0x0000000100000000)
  eden space 128000K, 0% used [0x00000000f5580000,0x00000000f5580000,0x00000000fd280000)
  from space 20480K, 49% used [0x00000000fe880000,0x00000000ff264ea0,0x00000000ffc80000)
  to   space 21504K, 0% used [0x00000000fd280000,0x00000000fd280000,0x00000000fe780000)
 ParOldGen       total 87552K, used 54859K [0x00000000e0000000, 0x00000000e5580000, 0x00000000f5580000)
  object space 87552K, 62% used [0x00000000e0000000,0x00000000e3592c88,0x00000000e5580000)
 Metaspace       used 85922K, capacity 92888K, committed 93080K, reserved 1130496K
  class space    used 10341K, capacity 12604K, committed 12720K, reserved 1048576K
Event: 298.359 GC heap after
Heap after GC invocations=22 (full 6):
 PSYoungGen      total 148480K, used 0K [0x00000000f5580000, 0x00000000ffc80000, 0x0000000100000000)
  eden space 128000K, 0% used [0x00000000f5580000,0x00000000f5580000,0x00000000fd280000)
  from space 20480K, 0% used [0x00000000fe880000,0x00000000fe880000,0x00000000ffc80000)
  to   space 21504K, 0% used [0x00000000fd280000,0x00000000fd280000,0x00000000fe780000)
 ParOldGen       total 87552K, used 63929K [0x00000000e0000000, 0x00000000e5580000, 0x00000000f5580000)
  object space 87552K, 73% used [0x00000000e0000000,0x00000000e3e6e450,0x00000000e5580000)
 Metaspace       used 85922K, capacity 92888K, committed 93080K, reserved 1130496K
  class space    used 10341K, capacity 12604K, committed 12720K, reserved 1048576K
}
Event: 357.970 GC heap before
{Heap before GC invocations=23 (full 6):
 PSYoungGen      total 148480K, used 92111K [0x00000000f5580000, 0x00000000ffc80000, 0x0000000100000000)
  eden space 128000K, 71% used [0x00000000f5580000,0x00000000faf73dd0,0x00000000fd280000)
  from space 20480K, 0% used [0x00000000fe880000,0x00000000fe880000,0x00000000ffc80000)
  to   space 21504K, 0% used [0x00000000fd280000,0x00000000fd280000,0x00000000fe780000)
 ParOldGen       total 87552K, used 63929K [0x00000000e0000000, 0x00000000e5580000, 0x00000000f5580000)
  object space 87552K, 73% used [0x00000000e0000000,0x00000000e3e6e450,0x00000000e5580000)
 Metaspace       used 87046K, capacity 94110K, committed 94360K, reserved 1130496K
  class space    used 10391K, capacity 12669K, committed 12720K, reserved 1048576K
Event: 357.974 GC heap after
Heap after GC invocations=23 (full 6):
 PSYoungGen      total 149504K, used 2473K [0x00000000f5580000, 0x00000000ffd80000, 0x0000000100000000)
  eden space 128000K, 0% used [0x00000000f5580000,0x00000000f5580000,0x00000000fd280000)
  from space 21504K, 11% used [0x00000000fd280000,0x00000000fd4ea5b0,0x00000000fe780000)
  to   space 22016K, 0% used [0x00000000fe800000,0x00000000fe800000,0x00000000ffd80000)
 ParOldGen       total 87552K, used 63937K [0x00000000e0000000, 0x00000000e5580000, 0x00000000f5580000)
  object space 87552K, 73% used [0x00000000e0000000,0x00000000e3e70450,0x00000000e5580000)
 Metaspace       used 87046K, capacity 94110K, committed 94360K, reserved 1130496K
  class space    used 10391K, capacity 12669K, committed 12720K, reserved 1048576K
}
Event: 357.974 GC heap before
{Heap before GC invocations=24 (full 7):
 PSYoungGen      total 149504K, used 2473K [0x00000000f5580000, 0x00000000ffd80000, 0x0000000100000000)
  eden space 128000K, 0% used [0x00000000f5580000,0x00000000f5580000,0x00000000fd280000)
  from space 21504K, 11% used [0x00000000fd280000,0x00000000fd4ea5b0,0x00000000fe780000)
  to   space 22016K, 0% used [0x00000000fe800000,0x00000000fe800000,0x00000000ffd80000)
 ParOldGen       total 87552K, used 63937K [0x00000000e0000000, 0x00000000e5580000, 0x00000000f5580000)
  object space 87552K, 73% used [0x00000000e0000000,0x00000000e3e70450,0x00000000e5580000)
 Metaspace       used 87046K, capacity 94110K, committed 94360K, reserved 1130496K
  class space    used 10391K, capacity 12669K, committed 12720K, reserved 1048576K
Event: 358.260 GC heap after
Heap after GC invocations=24 (full 7):
 PSYoungGen      total 149504K, used 0K [0x00000000f5580000, 0x00000000ffd80000, 0x0000000100000000)
  eden space 128000K, 0% used [0x00000000f5580000,0x00000000f5580000,0x00000000fd280000)
  from space 21504K, 0% used [0x00000000fd280000,0x00000000fd280000,0x00000000fe780000)
  to   space 22016K, 0% used [0x00000000fe800000,0x00000000fe800000,0x00000000ffd80000)
 ParOldGen       total 87552K, used 64957K [0x00000000e0000000, 0x00000000e5580000, 0x00000000f5580000)
  object space 87552K, 74% used [0x00000000e0000000,0x00000000e3f6f580,0x00000000e5580000)
 Metaspace       used 87046K, capacity 94110K, committed 94360K, reserved 1130496K
  class space    used 10391K, capacity 12669K, committed 12720K, reserved 1048576K
}

