# JRE version: Java(TM) SE Runtime Environment (8.0_66-b18) (build 1.8.0_66-b18)
# Java VM: Java HotSpot(TM) 64-Bit Server VM (25.66-b18 mixed mode windows-amd64 compressed oops)
Heap:
 PSYoungGen      total 149504K, used 63916K [0x00000000f5580000, 0x0000000100000000, 0x0000000100000000)
  eden space 124928K, 51% used [0x00000000f5580000,0x00000000f93eb2e0,0x00000000fcf80000)
  from space 24576K, 0% used [0x00000000fcf80000,0x00000000fcf80000,0x00000000fe780000)
  to   space 23552K, 0% used [0x00000000fe900000,0x00000000fe900000,0x0000000100000000)
 ParOldGen       total 107520K, used 44383K [0x00000000e0000000, 0x00000000e6900000, 0x00000000f5580000)
  object space 107520K, 41% used [0x00000000e0000000,0x00000000e2b57e90,0x00000000e6900000)
 Metaspace       used 84930K, capacity 92202K, committed 92436K, reserved 1128448K
  class space    used 10116K, capacity 12492K, committed 12604K, reserved 1048576K
GC Heap History (10 events):
Event: 477.855 GC heap before
{Heap before GC invocations=29 (full 10):
 PSYoungGen      total 148480K, used 576K [0x00000000f5580000, 0x0000000100000000, 0x0000000100000000)
  eden space 122880K, 0% used [0x00000000f5580000,0x00000000f5580000,0x00000000fcd80000)
  from space 25600K, 2% used [0x00000000fcd80000,0x00000000fce10000,0x00000000fe680000)
  to   space 25088K, 0% used [0x00000000fe780000,0x00000000fe780000,0x0000000100000000)
 ParOldGen       total 107520K, used 56128K [0x00000000e0000000, 0x00000000e6900000, 0x00000000f5580000)
  object space 107520K, 52% used [0x00000000e0000000,0x00000000e36d0120,0x00000000e6900000)
 Metaspace       used 83771K, capacity 91064K, committed 91156K, reserved 1128448K
  class space    used 10017K, capacity 12317K, committed 12348K, reserved 1048576K
Event: 478.059 GC heap after
Heap after GC invocations=29 (full 10):
 PSYoungGen      total 148480K, used 0K [0x00000000f5580000, 0x0000000100000000, 0x0000000100000000)
  eden space 122880K, 0% used [0x00000000f5580000,0x00000000f5580000,0x00000000fcd80000)
  from space 25600K, 0% used [0x00000000fcd80000,0x00000000fcd80000,0x00000000fe680000)
  to   space 25088K, 0% used [0x00000000fe780000,0x00000000fe780000,0x0000000100000000)
 ParOldGen       total 107520K, used 45474K [0x00000000e0000000, 0x00000000e6900000, 0x00000000f5580000)
  object space 107520K, 42% used [0x00000000e0000000,0x00000000e2c68868,0x00000000e6900000)
 Metaspace       used 83723K, capacity 90982K, committed 91156K, reserved 1128448K
  class space    used 10008K, capacity 12300K, committed 12348K, reserved 1048576K
}
Event: 537.862 GC heap before
{Heap before GC invocations=30 (full 10):
 PSYoungGen      total 148480K, used 3614K [0x00000000f5580000, 0x0000000100000000, 0x0000000100000000)
  eden space 122880K, 2% used [0x00000000f5580000,0x00000000f5907a88,0x00000000fcd80000)
  from space 25600K, 0% used [0x00000000fcd80000,0x00000000fcd80000,0x00000000fe680000)
  to   space 25088K, 0% used [0x00000000fe780000,0x00000000fe780000,0x0000000100000000)
 ParOldGen       total 107520K, used 45474K [0x00000000e0000000, 0x00000000e6900000, 0x00000000f5580000)
  object space 107520K, 42% used [0x00000000e0000000,0x00000000e2c68868,0x00000000e6900000)
 Metaspace       used 83724K, capacity 90982K, committed 91156K, reserved 1128448K
  class space    used 10008K, capacity 12300K, committed 12348K, reserved 1048576K
Event: 537.864 GC heap after
Heap after GC invocations=30 (full 10):
 PSYoungGen      total 150016K, used 160K [0x00000000f5580000, 0x0000000100000000, 0x0000000100000000)
  eden space 124928K, 0% used [0x00000000f5580000,0x00000000f5580000,0x00000000fcf80000)
  from space 25088K, 0% used [0x00000000fe780000,0x00000000fe7a8000,0x0000000100000000)
  to   space 24576K, 0% used [0x00000000fcf80000,0x00000000fcf80000,0x00000000fe780000)
 ParOldGen       total 107520K, used 45474K [0x00000000e0000000, 0x00000000e6900000, 0x00000000f5580000)
  object space 107520K, 42% used [0x00000000e0000000,0x00000000e2c68868,0x00000000e6900000)
 Metaspace       used 83724K, capacity 90982K, committed 91156K, reserved 1128448K
  class space    used 10008K, capacity 12300K, committed 12348K, reserved 1048576K
}
Event: 537.864 GC heap before
{Heap before GC invocations=31 (full 11):
 PSYoungGen      total 150016K, used 160K [0x00000000f5580000, 0x0000000100000000, 0x0000000100000000)
  eden space 124928K, 0% used [0x00000000f5580000,0x00000000f5580000,0x00000000fcf80000)
  from space 25088K, 0% used [0x00000000fe780000,0x00000000fe7a8000,0x0000000100000000)
  to   space 24576K, 0% used [0x00000000fcf80000,0x00000000fcf80000,0x00000000fe780000)
 ParOldGen       total 107520K, used 45474K [0x00000000e0000000, 0x00000000e6900000, 0x00000000f5580000)
  object space 107520K, 42% used [0x00000000e0000000,0x00000000e2c68868,0x00000000e6900000)
 Metaspace       used 83724K, capacity 90982K, committed 91156K, reserved 1128448K
  class space    used 10008K, capacity 12300K, committed 12348K, reserved 1048576K
Event: 538.120 GC heap after
Heap after GC invocations=31 (full 11):
 PSYoungGen      total 150016K, used 0K [0x00000000f5580000, 0x0000000100000000, 0x0000000100000000)
  eden space 124928K, 0% used [0x00000000f5580000,0x00000000f5580000,0x00000000fcf80000)
  from space 25088K, 0% used [0x00000000fe780000,0x00000000fe780000,0x0000000100000000)
  to   space 24576K, 0% used [0x00000000fcf80000,0x00000000fcf80000,0x00000000fe780000)
 ParOldGen       total 107520K, used 44789K [0x00000000e0000000, 0x00000000e6900000, 0x00000000f5580000)
  object space 107520K, 41% used [0x00000000e0000000,0x00000000e2bbd738,0x00000000e6900000)
 Metaspace       used 83724K, capacity 90982K, committed 91156K, reserved 1128448K
  class space    used 10008K, capacity 12300K, committed 12348K, reserved 1048576K
}
Event: 597.872 GC heap before
{Heap before GC invocations=32 (full 11):
 PSYoungGen      total 150016K, used 4470K [0x00000000f5580000, 0x0000000100000000, 0x0000000100000000)
  eden space 124928K, 3% used [0x00000000f5580000,0x00000000f59dd810,0x00000000fcf80000)
  from space 25088K, 0% used [0x00000000fe780000,0x00000000fe780000,0x0000000100000000)
  to   space 24576K, 0% used [0x00000000fcf80000,0x00000000fcf80000,0x00000000fe780000)
 ParOldGen       total 107520K, used 44789K [0x00000000e0000000, 0x00000000e6900000, 0x00000000f5580000)
  object space 107520K, 41% used [0x00000000e0000000,0x00000000e2bbd738,0x00000000e6900000)
 Metaspace       used 83747K, capacity 90982K, committed 91156K, reserved 1128448K
  class space    used 10008K, capacity 12300K, committed 12348K, reserved 1048576K
Event: 597.881 GC heap after
Heap after GC invocations=32 (full 11):
 PSYoungGen      total 149504K, used 160K [0x00000000f5580000, 0x0000000100000000, 0x0000000100000000)
  eden space 124928K, 0% used [0x00000000f5580000,0x00000000f5580000,0x00000000fcf80000)
  from space 24576K, 0% used [0x00000000fcf80000,0x00000000fcfa8000,0x00000000fe780000)
  to   space 23552K, 0% used [0x00000000fe900000,0x00000000fe900000,0x0000000100000000)
 ParOldGen       total 107520K, used 44797K [0x00000000e0000000, 0x00000000e6900000, 0x00000000f5580000)
  object space 107520K, 41% used [0x00000000e0000000,0x00000000e2bbf738,0x00000000e6900000)
 Metaspace       used 83747K, capacity 90982K, committed 91156K, reserved 1128448K
  class space    used 10008K, capacity 12300K, committed 12348K, reserved 1048576K
}
Event: 597.882 GC heap before
{Heap before GC invocations=33 (full 12):
 PSYoungGen      total 149504K, used 160K [0x00000000f5580000, 0x0000000100000000, 0x0000000100000000)
  eden space 124928K, 0% used [0x00000000f5580000,0x00000000f5580000,0x00000000fcf80000)
  from space 24576K, 0% used [0x00000000fcf80000,0x00000000fcfa8000,0x00000000fe780000)
  to   space 23552K, 0% used [0x00000000fe900000,0x00000000fe900000,0x0000000100000000)
 ParOldGen       total 107520K, used 44797K [0x00000000e0000000, 0x00000000e6900000, 0x00000000f5580000)
  object space 107520K, 41% used [0x00000000e0000000,0x00000000e2bbf738,0x00000000e6900000)
 Metaspace       used 83747K, capacity 90982K, committed 91156K, reserved 1128448K
  class space    used 10008K, capacity 12300K, committed 12348K, reserved 1048576K
Event: 598.084 GC heap after
Heap after GC invocations=33 (full 12):
 PSYoungGen      total 149504K, used 0K [0x00000000f5580000, 0x0000000100000000, 0x0000000100000000)
  eden space 124928K, 0% used [0x00000000f5580000,0x00000000f5580000,0x00000000fcf80000)
  from space 24576K, 0% used [0x00000000fcf80000,0x00000000fcf80000,0x00000000fe780000)
  to   space 23552K, 0% used [0x00000000fe900000,0x00000000fe900000,0x0000000100000000)
 ParOldGen       total 107520K, used 44383K [0x00000000e0000000, 0x00000000e6900000, 0x00000000f5580000)
  object space 107520K, 41% used [0x00000000e0000000,0x00000000e2b57e90,0x00000000e6900000)
 Metaspace       used 83747K, capacity 90982K, committed 91156K, reserved 1128448K
  class space    used 10008K, capacity 12300K, committed 12348K, reserved 1048576K
}

