# JRE version: Java(TM) SE Runtime Environment (8.0_66-b18) (build 1.8.0_66-b18)
# Java VM: Java HotSpot(TM) 64-Bit Server VM (25.66-b18 mixed mode windows-amd64 compressed oops)
Heap:
 PSYoungGen      total 103424K, used 37788K [0x00000000f5580000, 0x00000000fcf80000, 0x0000000100000000)
  eden space 102400K, 36% used [0x00000000f5580000,0x00000000f7a67278,0x00000000fb980000)
  from space 1024K, 0% used [0x00000000fb980000,0x00000000fb980000,0x00000000fba80000)
  to   space 11264K, 0% used [0x00000000fc480000,0x00000000fc480000,0x00000000fcf80000)
 ParOldGen       total 106496K, used 44395K [0x00000000e0000000, 0x00000000e6800000, 0x00000000f5580000)
  object space 106496K, 41% used [0x00000000e0000000,0x00000000e2b5ae08,0x00000000e6800000)
 Metaspace       used 85968K, capacity 93074K, committed 93336K, reserved 1130496K
  class space    used 10086K, capacity 12424K, committed 12464K, reserved 1048576K
GC Heap History (10 events):
Event: 1444.042 GC heap before
{Heap before GC invocations=58 (full 25):
 PSYoungGen      total 103424K, used 800K [0x00000000f5580000, 0x00000000fd380000, 0x0000000100000000)
  eden space 102400K, 0% used [0x00000000f5580000,0x00000000f5580000,0x00000000fb980000)
  from space 1024K, 78% used [0x00000000fb980000,0x00000000fba48000,0x00000000fba80000)
  to   space 13312K, 0% used [0x00000000fc680000,0x00000000fc680000,0x00000000fd380000)
 ParOldGen       total 106496K, used 43945K [0x00000000e0000000, 0x00000000e6800000, 0x00000000f5580000)
  object space 106496K, 41% used [0x00000000e0000000,0x00000000e2aea5b8,0x00000000e6800000)
 Metaspace       used 84692K, capacity 91788K, committed 91928K, reserved 1128448K
  class space    used 9949K, capacity 12294K, committed 12336K, reserved 1048576K
Event: 1444.151 GC heap after
Heap after GC invocations=58 (full 25):
 PSYoungGen      total 103424K, used 0K [0x00000000f5580000, 0x00000000fd380000, 0x0000000100000000)
  eden space 102400K, 0% used [0x00000000f5580000,0x00000000f5580000,0x00000000fb980000)
  from space 1024K, 0% used [0x00000000fb980000,0x00000000fb980000,0x00000000fba80000)
  to   space 13312K, 0% used [0x00000000fc680000,0x00000000fc680000,0x00000000fd380000)
 ParOldGen       total 106496K, used 43988K [0x00000000e0000000, 0x00000000e6800000, 0x00000000f5580000)
  object space 106496K, 41% used [0x00000000e0000000,0x00000000e2af53d8,0x00000000e6800000)
 Metaspace       used 84692K, capacity 91788K, committed 91928K, reserved 1128448K
  class space    used 9949K, capacity 12294K, committed 12336K, reserved 1048576K
}
Event: 1508.654 GC heap before
{Heap before GC invocations=59 (full 25):
 PSYoungGen      total 103424K, used 30218K [0x00000000f5580000, 0x00000000fd380000, 0x0000000100000000)
  eden space 102400K, 29% used [0x00000000f5580000,0x00000000f73029a8,0x00000000fb980000)
  from space 1024K, 0% used [0x00000000fb980000,0x00000000fb980000,0x00000000fba80000)
  to   space 13312K, 0% used [0x00000000fc680000,0x00000000fc680000,0x00000000fd380000)
 ParOldGen       total 106496K, used 43988K [0x00000000e0000000, 0x00000000e6800000, 0x00000000f5580000)
  object space 106496K, 41% used [0x00000000e0000000,0x00000000e2af53d8,0x00000000e6800000)
 Metaspace       used 84857K, capacity 91980K, committed 92184K, reserved 1128448K
  class space    used 9962K, capacity 12294K, committed 12336K, reserved 1048576K
Event: 1508.657 GC heap after
Heap after GC invocations=59 (full 25):
 PSYoungGen      total 113664K, used 946K [0x00000000f5580000, 0x00000000fd180000, 0x0000000100000000)
  eden space 102400K, 0% used [0x00000000f5580000,0x00000000f5580000,0x00000000fb980000)
  from space 11264K, 8% used [0x00000000fc680000,0x00000000fc76c920,0x00000000fd180000)
  to   space 12288K, 0% used [0x00000000fb980000,0x00000000fb980000,0x00000000fc580000)
 ParOldGen       total 106496K, used 43988K [0x00000000e0000000, 0x00000000e6800000, 0x00000000f5580000)
  object space 106496K, 41% used [0x00000000e0000000,0x00000000e2af53d8,0x00000000e6800000)
 Metaspace       used 84857K, capacity 91980K, committed 92184K, reserved 1128448K
  class space    used 9962K, capacity 12294K, committed 12336K, reserved 1048576K
}
Event: 1508.657 GC heap before
{Heap before GC invocations=60 (full 26):
 PSYoungGen      total 113664K, used 946K [0x00000000f5580000, 0x00000000fd180000, 0x0000000100000000)
  eden space 102400K, 0% used [0x00000000f5580000,0x00000000f5580000,0x00000000fb980000)
  from space 11264K, 8% used [0x00000000fc680000,0x00000000fc76c920,0x00000000fd180000)
  to   space 12288K, 0% used [0x00000000fb980000,0x00000000fb980000,0x00000000fc580000)
 ParOldGen       total 106496K, used 43988K [0x00000000e0000000, 0x00000000e6800000, 0x00000000f5580000)
  object space 106496K, 41% used [0x00000000e0000000,0x00000000e2af53d8,0x00000000e6800000)
 Metaspace       used 84857K, capacity 91980K, committed 92184K, reserved 1128448K
  class space    used 9962K, capacity 12294K, committed 12336K, reserved 1048576K
Event: 1508.771 GC heap after
Heap after GC invocations=60 (full 26):
 PSYoungGen      total 113664K, used 0K [0x00000000f5580000, 0x00000000fd180000, 0x0000000100000000)
  eden space 102400K, 0% used [0x00000000f5580000,0x00000000f5580000,0x00000000fb980000)
  from space 11264K, 0% used [0x00000000fc680000,0x00000000fc680000,0x00000000fd180000)
  to   space 12288K, 0% used [0x00000000fb980000,0x00000000fb980000,0x00000000fc580000)
 ParOldGen       total 106496K, used 44391K [0x00000000e0000000, 0x00000000e6800000, 0x00000000f5580000)
  object space 106496K, 41% used [0x00000000e0000000,0x00000000e2b59d28,0x00000000e6800000)
 Metaspace       used 84857K, capacity 91980K, committed 92184K, reserved 1128448K
  class space    used 9962K, capacity 12294K, committed 12336K, reserved 1048576K
}
Event: 1582.613 GC heap before
{Heap before GC invocations=61 (full 26):
 PSYoungGen      total 113664K, used 48215K [0x00000000f5580000, 0x00000000fd180000, 0x0000000100000000)
  eden space 102400K, 47% used [0x00000000f5580000,0x00000000f8495fe0,0x00000000fb980000)
  from space 11264K, 0% used [0x00000000fc680000,0x00000000fc680000,0x00000000fd180000)
  to   space 12288K, 0% used [0x00000000fb980000,0x00000000fb980000,0x00000000fc580000)
 ParOldGen       total 106496K, used 44391K [0x00000000e0000000, 0x00000000e6800000, 0x00000000f5580000)
  object space 106496K, 41% used [0x00000000e0000000,0x00000000e2b59d28,0x00000000e6800000)
 Metaspace       used 85065K, capacity 92108K, committed 92440K, reserved 1130496K
  class space    used 9970K, capacity 12294K, committed 12336K, reserved 1048576K
Event: 1582.616 GC heap after
Heap after GC invocations=61 (full 26):
 PSYoungGen      total 103424K, used 1024K [0x00000000f5580000, 0x00000000fcf80000, 0x0000000100000000)
  eden space 102400K, 0% used [0x00000000f5580000,0x00000000f5580000,0x00000000fb980000)
  from space 1024K, 100% used [0x00000000fb980000,0x00000000fba80000,0x00000000fba80000)
  to   space 11264K, 0% used [0x00000000fc480000,0x00000000fc480000,0x00000000fcf80000)
 ParOldGen       total 106496K, used 44399K [0x00000000e0000000, 0x00000000e6800000, 0x00000000f5580000)
  object space 106496K, 41% used [0x00000000e0000000,0x00000000e2b5bd28,0x00000000e6800000)
 Metaspace       used 85065K, capacity 92108K, committed 92440K, reserved 1130496K
  class space    used 9970K, capacity 12294K, committed 12336K, reserved 1048576K
}
Event: 1582.616 GC heap before
{Heap before GC invocations=62 (full 27):
 PSYoungGen      total 103424K, used 1024K [0x00000000f5580000, 0x00000000fcf80000, 0x0000000100000000)
  eden space 102400K, 0% used [0x00000000f5580000,0x00000000f5580000,0x00000000fb980000)
  from space 1024K, 100% used [0x00000000fb980000,0x00000000fba80000,0x00000000fba80000)
  to   space 11264K, 0% used [0x00000000fc480000,0x00000000fc480000,0x00000000fcf80000)
 ParOldGen       total 106496K, used 44399K [0x00000000e0000000, 0x00000000e6800000, 0x00000000f5580000)
  object space 106496K, 41% used [0x00000000e0000000,0x00000000e2b5bd28,0x00000000e6800000)
 Metaspace       used 85065K, capacity 92108K, committed 92440K, reserved 1130496K
  class space    used 9970K, capacity 12294K, committed 12336K, reserved 1048576K
Event: 1582.779 GC heap after
Heap after GC invocations=62 (full 27):
 PSYoungGen      total 103424K, used 0K [0x00000000f5580000, 0x00000000fcf80000, 0x0000000100000000)
  eden space 102400K, 0% used [0x00000000f5580000,0x00000000f5580000,0x00000000fb980000)
  from space 1024K, 0% used [0x00000000fb980000,0x00000000fb980000,0x00000000fba80000)
  to   space 11264K, 0% used [0x00000000fc480000,0x00000000fc480000,0x00000000fcf80000)
 ParOldGen       total 106496K, used 44395K [0x00000000e0000000, 0x00000000e6800000, 0x00000000f5580000)
  object space 106496K, 41% used [0x00000000e0000000,0x00000000e2b5ae08,0x00000000e6800000)
 Metaspace       used 85065K, capacity 92108K, committed 92440K, reserved 1130496K
  class space    used 9970K, capacity 12294K, committed 12336K, reserved 1048576K
}

